<?xml version="1.0" encoding="UTF-8"?>
<TestRun id="10dab090-cdcd-47ab-836d-d22d79c87900" name="Christof@CHRISTOFPC 2008-07-27 19:03:37" runUser="ChristofPC\Christof" xmlns="http://microsoft.com/schemas/VisualStudio/TeamTest/2006">
  <TestRunConfiguration name="Local Test Run" id="be4623ee-2f32-4d53-aa47-568c3889955e">
    <Description>This is a default test run configuration for a local test run.</Description>
    <Deployment runDeploymentRoot="C:\Program Files\Gallio\extras\Samples\TestResults\Christof_CHRISTOFPC 2008-07-27 19_03_37">
      <DeploymentItem filename="C:\Program Files\Gallio\bin\MbUnit.dll" />
      <DeploymentItem filename="C:\Program Files\Gallio\bin\Gallio.dll" />
    </Deployment>
    <TestTypeSpecific />
  </TestRunConfiguration>
  <ResultSummary outcome="Failed">
    <Counters total="2" executed="2" passed="1" error="0" failed="1" timeout="0" aborted="0" inconclusive="0" passedButRunAborted="0" notRunnable="0" notExecuted="0" disconnected="0" warning="0" completed="0" inProgress="0" pending="0" />
  </ResultSummary>
  <Times creation="2008-07-27T19:03:37.3530000+02:00" queuing="2008-07-27T19:03:40.4400000+02:00" start="2008-07-27T19:03:40.7530000+02:00" finish="2008-07-27T19:03:41.5430000+02:00" />
  <TestDefinitions>
    <UnitTest name="Fail" storage="c:\program files\gallio\extras\samples\mbunit.samples.vstsintegration\bin\debug\mbunit.samples.vstsintegration.dll" id="29537488-3c33-c5fa-5ad4-ad12e3663937">
      <Css projectStructure="" iteration="" />
      <Owners>
        <Owner name="" />
      </Owners>
      <Execution id="702fa3c0-3dd2-46c5-8ca1-1393089073af" />
      <TestMethod codeBase="C:\Program Files\Gallio\extras\Samples\MbUnit.Samples.VSTSIntegration\bin\Debug\MbUnit.Samples.VSTSIntegration.dll" adapterTypeName="Microsoft.VisualStudio.TestTools.TestTypes.Unit.UnitTestAdapter, Microsoft.VisualStudio.QualityTools.Tips.UnitTest.Adapter, Version=9.0.0.0, Culture=neutral, PublicKeyToken=b03f5f7f11d50a3a" className="MbUnit.Samples.VSTSIntegration.MSTestTestFixture, MbUnit.Samples.VSTSIntegration" name="Fail" />
    </UnitTest>
    <UnitTest name="Pass" storage="c:\program files\gallio\extras\samples\mbunit.samples.vstsintegration\bin\debug\mbunit.samples.vstsintegration.dll" id="5490b292-fe54-0033-e9bf-0e308f259b04">
      <Css projectStructure="" iteration="" />
      <Owners>
        <Owner name="" />
      </Owners>
      <Execution id="142cefb7-c986-4f7b-bb15-691bfdee4000" />
      <TestMethod codeBase="C:\Program Files\Gallio\extras\Samples\MbUnit.Samples.VSTSIntegration\bin\Debug\MbUnit.Samples.VSTSIntegration.dll" adapterTypeName="Microsoft.VisualStudio.TestTools.TestTypes.Unit.UnitTestAdapter, Microsoft.VisualStudio.QualityTools.Tips.UnitTest.Adapter, Version=9.0.0.0, Culture=neutral, PublicKeyToken=b03f5f7f11d50a3a" className="MbUnit.Samples.VSTSIntegration.MSTestTestFixture, MbUnit.Samples.VSTSIntegration" name="Pass" />
    </UnitTest>
  </TestDefinitions>
  <TestLists>
    <TestList name="Results Not in a List" id="8c84fa94-04c1-424b-9868-57a2d4851a1d" />
    <TestList name="All Loaded Results" id="19431567-8539-422a-85d7-44ee4e166bda" />
  </TestLists>
  <TestEntries>
    <TestEntry testId="29537488-3c33-c5fa-5ad4-ad12e3663937" executionId="702fa3c0-3dd2-46c5-8ca1-1393089073af" testListId="8c84fa94-04c1-424b-9868-57a2d4851a1d" />
    <TestEntry testId="5490b292-fe54-0033-e9bf-0e308f259b04" executionId="142cefb7-c986-4f7b-bb15-691bfdee4000" testListId="8c84fa94-04c1-424b-9868-57a2d4851a1d" />
  </TestEntries>
  <Results>
    <UnitTestResult executionId="702fa3c0-3dd2-46c5-8ca1-1393089073af" testId="29537488-3c33-c5fa-5ad4-ad12e3663937" testName="Fail" computerName="CHRISTOFPC" duration="00:00:00.0526955" startTime="2008-07-27T19:03:40.8690000+02:00" endTime="2008-07-27T19:03:41.4660000+02:00" testType="13cdc9d9-ddb5-4fa4-a97d-d965ccfc6d4b" outcome="Failed" testListId="8c84fa94-04c1-424b-9868-57a2d4851a1d">
      <Output>
        <ErrorInfo>
          <Message>Assert.Fail failed. </Message>
          <StackTrace>   at MbUnit.Samples.VSTSIntegration.MSTestTestFixture.Fail() in C:\Program Files\Gallio\extras\Samples\MbUnit.Samples.VSTSIntegration\MSTestTestFixture.cs:line 49
</StackTrace>
        </ErrorInfo>
      </Output>
    </UnitTestResult>
    <UnitTestResult executionId="142cefb7-c986-4f7b-bb15-691bfdee4000" testId="5490b292-fe54-0033-e9bf-0e308f259b04" testName="Pass" computerName="CHRISTOFPC" duration="00:00:00.0018810" startTime="2008-07-27T19:03:41.4790000+02:00" endTime="2008-07-27T19:03:41.4910000+02:00" testType="13cdc9d9-ddb5-4fa4-a97d-d965ccfc6d4b" outcome="Passed" testListId="8c84fa94-04c1-424b-9868-57a2d4851a1d">
      <Output>
      </Output>
    </UnitTestResult>
  </Results>
</TestRun>